#INFO     [2024-08-18 20:43:32,468] setup.py      :22 : Process setup()...
#DEBUG    [2024-08-18 20:43:32,468] setup.py      :25 : Init config...
#DEBUG    [2024-08-18 20:43:32,470] setup.py      :29 : Init storage...
#DEBUG    [2024-08-18 20:43:32,470] setup.py      :33 : Init bot...
#DEBUG    [2024-08-18 20:43:32,512] setup.py      :40 : Init dispatcher...
#DEBUG    [2024-08-18 20:43:32,513] selector_events.py:64 : Using selector: EpollSelector
#DEBUG    [2024-08-18 20:43:32,513] main.py       :10 : Process my_main()...
#DEBUG    [2024-08-18 20:43:32,513] main.py       :13 : Register routers...
#INFO     [2024-08-18 20:43:32,516] main.py       :17 : Start bot...
#INFO     [2024-08-18 20:43:32,800] dispatcher.py :527: Start polling
#INFO     [2024-08-18 20:43:32,874] dispatcher.py :341: Run polling for bot @oh_my_python_user_bot id=5937698617 - 'oh_my_python_bot'
#INFO     [2024-08-18 20:43:54,306] dispatcher.py :172: Update id=209473506 is not handled. Duration 0 ms by bot id=5937698617
#WARNING  [2024-08-18 20:44:04,439] dispatcher.py :455: Received SIGINT signal
#INFO     [2024-08-18 20:44:04,439] dispatcher.py :359: Polling stopped for bot @oh_my_python_user_bot id=5937698617 - 'oh_my_python_bot'
#INFO     [2024-08-18 20:44:04,439] dispatcher.py :554: Polling stopped
#INFO     [2024-08-18 20:44:42,972] setup.py      :22 : Process setup()...
#DEBUG    [2024-08-18 20:44:42,972] setup.py      :25 : Init config...
#DEBUG    [2024-08-18 20:44:42,974] setup.py      :29 : Init storage...
#DEBUG    [2024-08-18 20:44:42,974] setup.py      :33 : Init bot...
#DEBUG    [2024-08-18 20:44:43,016] setup.py      :40 : Init dispatcher...
#DEBUG    [2024-08-18 20:44:43,017] selector_events.py:64 : Using selector: EpollSelector
#DEBUG    [2024-08-18 20:44:43,018] main.py       :10 : Process my_main()...
#DEBUG    [2024-08-18 20:44:43,018] main.py       :13 : Register routers...
#INFO     [2024-08-18 20:44:43,021] main.py       :17 : Start bot...
#INFO     [2024-08-18 20:44:43,306] dispatcher.py :527: Start polling
#INFO     [2024-08-18 20:44:43,383] dispatcher.py :341: Run polling for bot @oh_my_python_user_bot id=5937698617 - 'oh_my_python_bot'
#WARNING  [2024-08-18 20:44:46,012] dispatcher.py :455: Received SIGINT signal
#INFO     [2024-08-18 20:44:46,013] dispatcher.py :359: Polling stopped for bot @oh_my_python_user_bot id=5937698617 - 'oh_my_python_bot'
#INFO     [2024-08-18 20:44:46,013] dispatcher.py :554: Polling stopped
